<?xml version="1.0" encoding="UTF-8"?>
<!-- Generated by org.testng.reporters.JUnitReportReporter -->
<testsuite skipped="0" hostname="LAPTOP-PINVURFQ" name="TestNG.NewTestDemo" tests="1" failures="0" timestamp="2019-09-19T22:52:40 IST" time="0.034" errors="0">
  <testcase name="f" time="0.034" classname="TestNG.NewTestDemo"/>
</testsuite> <!-- TestNG.NewTestDemo -->
